<beans xmlns="http://www.springframework.org/schema/beans" xmlns:xsi="http://www.w3.org/2001/XMLSchema-instance"
  xmlns:tx="http://www.springframework.org/schema/tx" xmlns:aop="http://www.springframework.org/schema/aop"
  xsi:schemaLocation="
http://www.springframework.org/schema/beans http://www.springframework.org/schema/beans/spring-beans-2.5.xsd
http://www.springframework.org/schema/tx http://www.springframework.org/schema/tx/spring-tx-2.5.xsd
http://www.springframework.org/schema/aop http://www.springframework.org/schema/aop/spring-aop-2.5.xsd">
  
  <tx:annotation-driven transaction-manager="transactionManager" />
  
  <bean id="activeInterviewService" class="org.obiba.onyx.core.service.impl.DefaultActiveInterviewServiceImpl">
    <property name="persistenceManager" ref="persistenceManager" />
  </bean>
  
  <bean id="activeInstrumentRunService"
    class="org.obiba.onyx.jade.core.service.impl.DefaultActiveInstrumentRunServiceImpl" scope="session">
    <property name="persistenceManager" ref="persistenceManager" />
    <property name="userSessionService" ref="userSessionService" />
  </bean>
  
  <bean id="inputDataSourceVisitor" class="org.obiba.onyx.jade.core.service.impl.InputDataSourceVisitorImpl"
    scope="prototype">
    <property name="instrumentRunService" ref="instrumentRunService" />
    <property name="instrumentService" ref="instrumentService" />
  </bean>
  
  <bean id="userSessionService" class="org.obiba.onyx.core.service.impl.UserSessionServiceBeanImpl">
    <property name="datePattern" value="yyyy-MM-dd" />
    <property name="dateTimePattern" value="yyyy-MM-dd HH:mm" />
  </bean>

  <bean id="baseStageState" class="org.obiba.onyx.engine.state.AbstractStageState"
    abstract="true">
    <property name="userSessionService" ref="userSessionService" />
  </bean>
    
  <import resource="classpath:/test-hibernate-config.xml" />
  <import resource="classpath:/test-db-config.xml" />
  
  <bean id="instrumentService" class="org.obiba.onyx.jade.core.service.impl.DefaultInstrumentServiceImpl">
    <property name="persistenceManager" ref="persistenceManager" />    
    <property name="instrumentsPath" value="${org.obiba.onyx.jade.instruments.codebase.path}"/>
    <property name="instrumentTypes" ref="instrumentTypeFactory" /> 
  </bean>
  
  <bean id="instrumentTypeFactory" class="org.obiba.onyx.jade.core.service.impl.InstrumentTypeFactoryBean" scope="singleton">
    <property name="resourcePatterns">
      <list>
        <value>instruments/**/instrument-descriptor.xml</value> 
      </list>
    </property>
  </bean>

</beans>
